<?xml version="1.0" encoding="UTF-8"?>
<testsuite xmlns:xsi="http://www.w3.org/2001/XMLSchema-instance" xsi:noNamespaceSchemaLocation="https://maven.apache.org/surefire/maven-surefire-plugin/xsd/surefire-test-report.xsd" name="getFeature.TestGetRunner" time="7.386" tests="6" errors="0" skipped="0" failures="2">
  <properties>
[...]
</properties>
  <testcase name="runTestWithClassPath[1][1]" classname="getFeature.TestGetRunner" time="3.945"/>
  <testcase name="runTestWithClassPath[1][2]" classname="getFeature.TestGetRunner" time="0.13"/>
  <testcase name="runTestWithClassPath[1][3]" classname="getFeature.TestGetRunner" time="1.689">
    <failure message="match failed: EQUALS&#10;  $ | data types don&apos;t match (LIST:MAP)&#10;  [{&quot;BrandName&quot;:&quot;Apple&quot;,&quot;Features&quot;:{&quot;Feature&quot;:[&quot;8GB RAM&quot;,&quot;1TB Hard Drive&quot;,&quot;250 GB of 550&quot;,&quot;15.5 inc Display&quot;,&quot;USB 3.0&quot;]},&quot;Id&quot;:127,&quot;LaptopName&quot;:&quot;Mac Book Pro&quot;}]&#10;  {&quot;BrandName&quot;:&quot;Apple&quot;,&quot;Features&quot;:{&quot;Feature&quot;:[&quot;8GB RAM&quot;,&quot;1TB Hard Drive&quot;,&quot;250 GB of 550&quot;,&quot;15.5 inc Display&quot;,&quot;USB 3.0&quot;]},&quot;Id&quot;:127,&quot;LaptopName&quot;:&quot;Mac Book Pro&quot;}&#10;&#10;classpath:getFeature/getRequest.feature:28" type="org.opentest4j.AssertionFailedError">org.opentest4j.AssertionFailedError: 
match failed: EQUALS
  $ | data types don't match (LIST:MAP)
  [{"BrandName":"Apple","Features":{"Feature":["8GB RAM","1TB Hard Drive","250 GB of 550","15.5 inc Display","USB 3.0"]},"Id":127,"LaptopName":"Mac Book Pro"}]
  {"BrandName":"Apple","Features":{"Feature":["8GB RAM","1TB Hard Drive","250 GB of 550","15.5 inc Display","USB 3.0"]},"Id":127,"LaptopName":"Mac Book Pro"}

classpath:getFeature/getRequest.feature:28
</failure>
    <system-out><![CDATA[12:21:31.158 [main] INFO  com.intuit.karate - karate.env system property was: null 
12:21:31.162 [main] INFO  com.intuit.karate - [print] ====================This is the background========================== 
12:21:31.171 [main] DEBUG com.intuit.karate - request:
1 > GET http://localhost:8080/laptop-bag/webapi/api/all
1 > Accept: application/json
1 > Host: localhost:8080
1 > Connection: Keep-Alive
1 > User-Agent: Apache-HttpClient/4.5.13 (Java/1.8.0_171)
1 > Accept-Encoding: gzip,deflate


12:21:31.201 [main] DEBUG com.intuit.karate - response time in milliseconds: 29
1 < 200
1 < Server: Apache-Coyote/1.1
1 < Content-Type: application/json
1 < Content-Length: 157
1 < Date: Sun, 30 May 2021 16:21:30 GMT
[{"BrandName":"Apple","Features":{"Feature":["8GB RAM","1TB Hard Drive","250 GB of 550","15.5 inc Display","USB 3.0"]},"Id":127,"LaptopName":"Mac Book Pro"}]
12:21:31.204 [main] INFO  com.intuit.karate - [print] [
  {
    "BrandName": "Apple",
    "Features": {
      "Feature": [
        "8GB RAM",
        "1TB Hard Drive",
        "250 GB of 550",
        "15.5 inc Display",
        "USB 3.0"
      ]
    },
    "Id": 127,
    "LaptopName": "Mac Book Pro"
  }
]
 
12:21:31.337 [main] ERROR com.intuit.karate - classpath:getFeature/getRequest.feature:28
And match response ==
"""
{
   "BrandName": "Apple",
   "Features": {
     "Feature": [
       "8GB RAM",
       "1TB Hard Drive",
       "250 GB of 550",
       "15.5 inc Display",
       "USB 3.0"
     ]
   },
   "Id": 127,
   "LaptopName": "Mac Book Pro"
 }
"""
match failed: EQUALS
  $ | data types don't match (LIST:MAP)
  [{"BrandName":"Apple","Features":{"Feature":["8GB RAM","1TB Hard Drive","250 GB of 550","15.5 inc Display","USB 3.0"]},"Id":127,"LaptopName":"Mac Book Pro"}]
  {"BrandName":"Apple","Features":{"Feature":["8GB RAM","1TB Hard Drive","250 GB of 550","15.5 inc Display","USB 3.0"]},"Id":127,"LaptopName":"Mac Book Pro"}

classpath:getFeature/getRequest.feature:28
---------------------------------------------------------
feature: classpath:getFeature/getRequest.feature
scenarios:  3 | passed:  2 | failed:  1 | time: 2.2958
---------------------------------------------------------

Karate version: 1.0.1
======================================================
elapsed:   6.29 | threads:    1 | thread time: 2.30 
features:     1 | skipped:    0 | efficiency: 0.36
scenarios:    3 | passed:     2 | failed: 1
======================================================
>>> failed features:
match failed: EQUALS
  $ | data types don't match (LIST:MAP)
  [{"BrandName":"Apple","Features":{"Feature":["8GB RAM","1TB Hard Drive","250 GB of 550","15.5 inc Display","USB 3.0"]},"Id":127,"LaptopName":"Mac Book Pro"}]
  {"BrandName":"Apple","Features":{"Feature":["8GB RAM","1TB Hard Drive","250 GB of 550","15.5 inc Display","USB 3.0"]},"Id":127,"LaptopName":"Mac Book Pro"}

classpath:getFeature/getRequest.feature:28
<<<

HTML report: (paste into browser to view) | Karate version: 1.0.1
file:///C:/Users/user/eclipse-workspace/karateframework/target/karate-reports/karate-summary.html
===================================================================

]]></system-out>
  </testcase>
  <testcase name="runTest[1][1]" classname="getFeature.TestGetRunner" time="0.071"/>
  <testcase name="runTest[1][2]" classname="getFeature.TestGetRunner" time="0.012"/>
  <testcase name="runTest[1][3]" classname="getFeature.TestGetRunner" time="0.285">
    <failure message="match failed: EQUALS&#10;  $ | data types don&apos;t match (LIST:MAP)&#10;  [{&quot;BrandName&quot;:&quot;Apple&quot;,&quot;Features&quot;:{&quot;Feature&quot;:[&quot;8GB RAM&quot;,&quot;1TB Hard Drive&quot;,&quot;250 GB of 550&quot;,&quot;15.5 inc Display&quot;,&quot;USB 3.0&quot;]},&quot;Id&quot;:127,&quot;LaptopName&quot;:&quot;Mac Book Pro&quot;}]&#10;  {&quot;BrandName&quot;:&quot;Apple&quot;,&quot;Features&quot;:{&quot;Feature&quot;:[&quot;8GB RAM&quot;,&quot;1TB Hard Drive&quot;,&quot;250 GB of 550&quot;,&quot;15.5 inc Display&quot;,&quot;USB 3.0&quot;]},&quot;Id&quot;:127,&quot;LaptopName&quot;:&quot;Mac Book Pro&quot;}&#10;&#10;classpath:getFeature/getRequest.feature:28" type="org.opentest4j.AssertionFailedError">org.opentest4j.AssertionFailedError: 
match failed: EQUALS
  $ | data types don't match (LIST:MAP)
  [{"BrandName":"Apple","Features":{"Feature":["8GB RAM","1TB Hard Drive","250 GB of 550","15.5 inc Display","USB 3.0"]},"Id":127,"LaptopName":"Mac Book Pro"}]
  {"BrandName":"Apple","Features":{"Feature":["8GB RAM","1TB Hard Drive","250 GB of 550","15.5 inc Display","USB 3.0"]},"Id":127,"LaptopName":"Mac Book Pro"}

classpath:getFeature/getRequest.feature:28
</failure>
    <system-out><![CDATA[12:21:32.980 [main] INFO  com.intuit.karate - karate.env system property was: null 
12:21:32.983 [main] INFO  com.intuit.karate - [print] ====================This is the background========================== 
12:21:32.987 [main] DEBUG com.intuit.karate - request:
1 > GET http://localhost:8080/laptop-bag/webapi/api/all
1 > Accept: application/json
1 > Host: localhost:8080
1 > Connection: Keep-Alive
1 > User-Agent: Apache-HttpClient/4.5.13 (Java/1.8.0_171)
1 > Accept-Encoding: gzip,deflate


12:21:32.994 [main] DEBUG com.intuit.karate - response time in milliseconds: 6
1 < 200
1 < Server: Apache-Coyote/1.1
1 < Content-Type: application/json
1 < Content-Length: 157
1 < Date: Sun, 30 May 2021 16:21:32 GMT
[{"BrandName":"Apple","Features":{"Feature":["8GB RAM","1TB Hard Drive","250 GB of 550","15.5 inc Display","USB 3.0"]},"Id":127,"LaptopName":"Mac Book Pro"}]
12:21:32.997 [main] INFO  com.intuit.karate - [print] [
  {
    "BrandName": "Apple",
    "Features": {
      "Feature": [
        "8GB RAM",
        "1TB Hard Drive",
        "250 GB of 550",
        "15.5 inc Display",
        "USB 3.0"
      ]
    },
    "Id": 127,
    "LaptopName": "Mac Book Pro"
  }
]
 
12:21:32.998 [main] ERROR com.intuit.karate - classpath:getFeature/getRequest.feature:28
And match response ==
"""
{
   "BrandName": "Apple",
   "Features": {
     "Feature": [
       "8GB RAM",
       "1TB Hard Drive",
       "250 GB of 550",
       "15.5 inc Display",
       "USB 3.0"
     ]
   },
   "Id": 127,
   "LaptopName": "Mac Book Pro"
 }
"""
match failed: EQUALS
  $ | data types don't match (LIST:MAP)
  [{"BrandName":"Apple","Features":{"Feature":["8GB RAM","1TB Hard Drive","250 GB of 550","15.5 inc Display","USB 3.0"]},"Id":127,"LaptopName":"Mac Book Pro"}]
  {"BrandName":"Apple","Features":{"Feature":["8GB RAM","1TB Hard Drive","250 GB of 550","15.5 inc Display","USB 3.0"]},"Id":127,"LaptopName":"Mac Book Pro"}

classpath:getFeature/getRequest.feature:28
---------------------------------------------------------
feature: classpath:getFeature/getRequest.feature
scenarios:  3 | passed:  2 | failed:  1 | time: 0.0598
---------------------------------------------------------

Karate version: 1.0.1
======================================================
elapsed:   0.33 | threads:    1 | thread time: 0.06 
features:     1 | skipped:    0 | efficiency: 0.18
scenarios:    3 | passed:     2 | failed: 1
======================================================
>>> failed features:
match failed: EQUALS
  $ | data types don't match (LIST:MAP)
  [{"BrandName":"Apple","Features":{"Feature":["8GB RAM","1TB Hard Drive","250 GB of 550","15.5 inc Display","USB 3.0"]},"Id":127,"LaptopName":"Mac Book Pro"}]
  {"BrandName":"Apple","Features":{"Feature":["8GB RAM","1TB Hard Drive","250 GB of 550","15.5 inc Display","USB 3.0"]},"Id":127,"LaptopName":"Mac Book Pro"}

classpath:getFeature/getRequest.feature:28
<<<

HTML report: (paste into browser to view) | Karate version: 1.0.1
file:///C:/Users/user/eclipse-workspace/karateframework/target/karate-reports/karate-summary.html
===================================================================

]]></system-out>
  </testcase>
</testsuite>