<?xml version="1.0" encoding="UTF-8"?>
<testsuite xmlns:xsi="http://www.w3.org/2001/XMLSchema-instance" xsi:noNamespaceSchemaLocation="https://maven.apache.org/surefire/maven-surefire-plugin/xsd/surefire-test-report.xsd" name="getFeature.TestGetRunner" time="7.386" tests="6" errors="0" skipped="0" failures="2">
  <properties>
    <property name="sun.desktop" value="windows"/>
    <property name="awt.toolkit" value="sun.awt.windows.WToolkit"/>
    <property name="file.encoding.pkg" value="sun.io"/>
    <property name="java.specification.version" value="1.8"/>
    <property name="sun.cpu.isalist" value="amd64"/>
    <property name="sun.jnu.encoding" value="Cp1252"/>
    <property name="java.class.path" value="C:\Users\user\eclipse-workspace\karateframework\target\test-classes;C:\Users\user\eclipse-workspace\karateframework\target\classes;C:\Users\user\.m2\repository\com\intuit\karate\karate-junit5\1.0.1\karate-junit5-1.0.1.jar;C:\Users\user\.m2\repository\com\intuit\karate\karate-core\1.0.1\karate-core-1.0.1.jar;C:\Users\user\.m2\repository\org\graalvm\js\js-scriptengine\21.0.0\js-scriptengine-21.0.0.jar;C:\Users\user\.m2\repository\org\graalvm\sdk\graal-sdk\21.0.0\graal-sdk-21.0.0.jar;C:\Users\user\.m2\repository\org\graalvm\js\js\21.0.0\js-21.0.0.jar;C:\Users\user\.m2\repository\org\graalvm\regex\regex\21.0.0\regex-21.0.0.jar;C:\Users\user\.m2\repository\org\graalvm\truffle\truffle-api\21.0.0\truffle-api-21.0.0.jar;C:\Users\user\.m2\repository\com\ibm\icu\icu4j\67.1\icu4j-67.1.jar;C:\Users\user\.m2\repository\ch\qos\logback\logback-classic\1.2.3\logback-classic-1.2.3.jar;C:\Users\user\.m2\repository\ch\qos\logback\logback-core\1.2.3\logback-core-1.2.3.jar;C:\Users\user\.m2\repository\org\slf4j\slf4j-api\1.7.25\slf4j-api-1.7.25.jar;C:\Users\user\.m2\repository\org\slf4j\jcl-over-slf4j\1.7.25\jcl-over-slf4j-1.7.25.jar;C:\Users\user\.m2\repository\com\jayway\jsonpath\json-path\2.5.0\json-path-2.5.0.jar;C:\Users\user\.m2\repository\net\minidev\json-smart\2.3\json-smart-2.3.jar;C:\Users\user\.m2\repository\net\minidev\accessors-smart\1.2\accessors-smart-1.2.jar;C:\Users\user\.m2\repository\org\ow2\asm\asm\5.0.4\asm-5.0.4.jar;C:\Users\user\.m2\repository\info\cukes\cucumber-java\1.2.5\cucumber-java-1.2.5.jar;C:\Users\user\.m2\repository\info\cukes\cucumber-core\1.2.5\cucumber-core-1.2.5.jar;C:\Users\user\.m2\repository\org\yaml\snakeyaml\1.27\snakeyaml-1.27.jar;C:\Users\user\.m2\repository\de\siegmar\fastcsv\1.0.4\fastcsv-1.0.4.jar;C:\Users\user\.m2\repository\info\picocli\picocli\4.5.2\picocli-4.5.2.jar;C:\Users\user\.m2\repository\org\junit\jupiter\junit-jupiter-api\5.7.0\junit-jupiter-api-5.7.0.jar;C:\Users\user\.m2\repository\org\apiguardian\apiguardian-api\1.1.0\apiguardian-api-1.1.0.jar;C:\Users\user\.m2\repository\org\opentest4j\opentest4j\1.2.0\opentest4j-1.2.0.jar;C:\Users\user\.m2\repository\org\junit\platform\junit-platform-commons\1.7.0\junit-platform-commons-1.7.0.jar;C:\Users\user\.m2\repository\org\junit\jupiter\junit-jupiter-engine\5.7.0\junit-jupiter-engine-5.7.0.jar;C:\Users\user\.m2\repository\org\junit\platform\junit-platform-engine\1.7.0\junit-platform-engine-1.7.0.jar;"/>
    <property name="java.vm.vendor" value="Oracle Corporation"/>
    <property name="sun.arch.data.model" value="64"/>
    <property name="user.variant" value=""/>
    <property name="java.vendor.url" value="http://java.oracle.com/"/>
    <property name="user.timezone" value="America/New_York"/>
    <property name="java.vm.specification.version" value="1.8"/>
    <property name="os.name" value="Windows 10"/>
    <property name="user.country" value="US"/>
    <property name="sun.java.launcher" value="SUN_STANDARD"/>
    <property name="sun.boot.library.path" value="C:\Program Files\Java\jdk1.8.0_171\jre\bin"/>
    <property name="sun.java.command" value="C:\Users\user\AppData\Local\Temp\surefire7660087699367464875\surefirebooter2044552439107301193.jar C:\Users\user\AppData\Local\Temp\surefire7660087699367464875 2021-05-30T12-21-23_842-jvmRun1 surefire3339831941812037898tmp surefire_05725320980144184892tmp"/>
    <property name="surefire.test.class.path" value="C:\Users\user\eclipse-workspace\karateframework\target\test-classes;C:\Users\user\eclipse-workspace\karateframework\target\classes;C:\Users\user\.m2\repository\com\intuit\karate\karate-junit5\1.0.1\karate-junit5-1.0.1.jar;C:\Users\user\.m2\repository\com\intuit\karate\karate-core\1.0.1\karate-core-1.0.1.jar;C:\Users\user\.m2\repository\org\graalvm\js\js-scriptengine\21.0.0\js-scriptengine-21.0.0.jar;C:\Users\user\.m2\repository\org\graalvm\sdk\graal-sdk\21.0.0\graal-sdk-21.0.0.jar;C:\Users\user\.m2\repository\org\graalvm\js\js\21.0.0\js-21.0.0.jar;C:\Users\user\.m2\repository\org\graalvm\regex\regex\21.0.0\regex-21.0.0.jar;C:\Users\user\.m2\repository\org\graalvm\truffle\truffle-api\21.0.0\truffle-api-21.0.0.jar;C:\Users\user\.m2\repository\com\ibm\icu\icu4j\67.1\icu4j-67.1.jar;C:\Users\user\.m2\repository\ch\qos\logback\logback-classic\1.2.3\logback-classic-1.2.3.jar;C:\Users\user\.m2\repository\ch\qos\logback\logback-core\1.2.3\logback-core-1.2.3.jar;C:\Users\user\.m2\repository\org\slf4j\slf4j-api\1.7.25\slf4j-api-1.7.25.jar;C:\Users\user\.m2\repository\org\slf4j\jcl-over-slf4j\1.7.25\jcl-over-slf4j-1.7.25.jar;C:\Users\user\.m2\repository\com\jayway\jsonpath\json-path\2.5.0\json-path-2.5.0.jar;C:\Users\user\.m2\repository\net\minidev\json-smart\2.3\json-smart-2.3.jar;C:\Users\user\.m2\repository\net\minidev\accessors-smart\1.2\accessors-smart-1.2.jar;C:\Users\user\.m2\repository\org\ow2\asm\asm\5.0.4\asm-5.0.4.jar;C:\Users\user\.m2\repository\info\cukes\cucumber-java\1.2.5\cucumber-java-1.2.5.jar;C:\Users\user\.m2\repository\info\cukes\cucumber-core\1.2.5\cucumber-core-1.2.5.jar;C:\Users\user\.m2\repository\org\yaml\snakeyaml\1.27\snakeyaml-1.27.jar;C:\Users\user\.m2\repository\de\siegmar\fastcsv\1.0.4\fastcsv-1.0.4.jar;C:\Users\user\.m2\repository\info\picocli\picocli\4.5.2\picocli-4.5.2.jar;C:\Users\user\.m2\repository\org\junit\jupiter\junit-jupiter-api\5.7.0\junit-jupiter-api-5.7.0.jar;C:\Users\user\.m2\repository\org\apiguardian\apiguardian-api\1.1.0\apiguardian-api-1.1.0.jar;C:\Users\user\.m2\repository\org\opentest4j\opentest4j\1.2.0\opentest4j-1.2.0.jar;C:\Users\user\.m2\repository\org\junit\platform\junit-platform-commons\1.7.0\junit-platform-commons-1.7.0.jar;C:\Users\user\.m2\repository\org\junit\jupiter\junit-jupiter-engine\5.7.0\junit-jupiter-engine-5.7.0.jar;C:\Users\user\.m2\repository\org\junit\platform\junit-platform-engine\1.7.0\junit-platform-engine-1.7.0.jar;"/>
    <property name="sun.cpu.endian" value="little"/>
    <property name="user.home" value="C:\Users\user"/>
    <property name="user.language" value="en"/>
    <property name="java.specification.vendor" value="Oracle Corporation"/>
    <property name="java.home" value="C:\Program Files\Java\jdk1.8.0_171\jre"/>
    <property name="basedir" value="C:\Users\user\eclipse-workspace\karateframework"/>
    <property name="file.separator" value="\"/>
    <property name="line.separator" value="&#10;"/>
    <property name="java.vm.specification.vendor" value="Oracle Corporation"/>
    <property name="java.specification.name" value="Java Platform API Specification"/>
    <property name="java.awt.graphicsenv" value="sun.awt.Win32GraphicsEnvironment"/>
    <property name="surefire.real.class.path" value="C:\Users\user\AppData\Local\Temp\surefire7660087699367464875\surefirebooter2044552439107301193.jar"/>
    <property name="sun.boot.class.path" value="C:\Program Files\Java\jdk1.8.0_171\jre\lib\resources.jar;C:\Program Files\Java\jdk1.8.0_171\jre\lib\rt.jar;C:\Program Files\Java\jdk1.8.0_171\jre\lib\sunrsasign.jar;C:\Program Files\Java\jdk1.8.0_171\jre\lib\jsse.jar;C:\Program Files\Java\jdk1.8.0_171\jre\lib\jce.jar;C:\Program Files\Java\jdk1.8.0_171\jre\lib\charsets.jar;C:\Program Files\Java\jdk1.8.0_171\jre\lib\jfr.jar;C:\Program Files\Java\jdk1.8.0_171\jre\classes"/>
    <property name="user.script" value=""/>
    <property name="sun.management.compiler" value="HotSpot 64-Bit Tiered Compilers"/>
    <property name="java.runtime.version" value="1.8.0_171-b11"/>
    <property name="user.name" value="user"/>
    <property name="path.separator" value=";"/>
    <property name="os.version" value="10.0"/>
    <property name="java.endorsed.dirs" value="C:\Program Files\Java\jdk1.8.0_171\jre\lib\endorsed"/>
    <property name="java.runtime.name" value="Java(TM) SE Runtime Environment"/>
    <property name="file.encoding" value="UTF-8"/>
    <property name="java.vm.name" value="Java HotSpot(TM) 64-Bit Server VM"/>
    <property name="localRepository" value="C:\Users\user\.m2\repository"/>
    <property name="java.vendor.url.bug" value="http://bugreport.sun.com/bugreport/"/>
    <property name="java.io.tmpdir" value="C:\Users\user\AppData\Local\Temp\"/>
    <property name="java.version" value="1.8.0_171"/>
    <property name="user.dir" value="C:\Users\user\eclipse-workspace\karateframework"/>
    <property name="os.arch" value="amd64"/>
    <property name="java.vm.specification.name" value="Java Virtual Machine Specification"/>
    <property name="java.awt.printerjob" value="sun.awt.windows.WPrinterJob"/>
    <property name="sun.os.patch.level" value=""/>
    <property name="java.library.path" value="C:\Program Files\Java\jdk1.8.0_171\jre\bin;C:\WINDOWS\Sun\Java\bin;C:\WINDOWS\system32;C:\WINDOWS;C:/Users/user/.p2/pool/plugins/org.eclipse.justj.openjdk.hotspot.jre.full.win32.x86_64_15.0.2.v20210201-0955/jre/bin/server;C:/Users/user/.p2/pool/plugins/org.eclipse.justj.openjdk.hotspot.jre.full.win32.x86_64_15.0.2.v20210201-0955/jre/bin;C:\Program Files (x86)\Common Files\Oracle\Java\javapath;C:\WINDOWS\system32;C:\WINDOWS;C:\WINDOWS\System32\Wbem;C:\WINDOWS\System32\WindowsPowerShell\v1.0\;C:\Program Files\Java\jdk1.8.0_171\bin;C:\Users\user\Downloads\apache-maven-3.5.3-bin\apache-maven-3.5.3\bin;C:\Users\user\Downloads\axis2-1.6.2\axis2-1.6.2\bin;C:\Users\user\AppData\Local\Android\Sdk\tools\bin;C:\Users\user\AppData\Local\Android\Sdk\tools;C:\Users\user\AppData\Local\Android\Sdk\platform-tools;C:\WINDOWS\System32\OpenSSH\;C:\Program Files\nodejs\;C:\Program Files (x86)\Microsoft SQL Server\110\Tools\Binn\;C:\Program Files\Microsoft SQL Server\110\Tools\Binn\;C:\Program Files\Microsoft SQL Server\110\DTS\Binn\;C:\Program Files\PuTTY\;C:\Program Files\Git\cmd;C:\HashiCorp\Vagrant\bin;C:\Users\user\Jar files\BrowserDriver;C:\Program Files\Amazon\AWSCLIV2\;C:\Program Files\Docker\Docker\resources\bin;C:\ProgramData\DockerDesktop\version-bin;C:\Users\user\AppData\Local\Programs\Python\Python39\Scripts\;C:\Users\user\AppData\Local\Programs\Python\Python39\;C:\Users\user\AppData\Local\Microsoft\WindowsApps;C:\Users\user\AppData\Roaming\npm;C:\Users\user\AppData\Local\Programs\Microsoft VS Code\bin;C:\Users\user\AppData\Local\atom\bin;C:\Users\user\AppData\Local\Microsoft\WindowsApps;C:\Users\user\terraform\terraform_0.15.4_windows_amd64;;C:\WINDOWS\System32;;."/>
    <property name="java.vm.info" value="mixed mode"/>
    <property name="java.vendor" value="Oracle Corporation"/>
    <property name="java.vm.version" value="25.171-b11"/>
    <property name="java.ext.dirs" value="C:\Program Files\Java\jdk1.8.0_171\jre\lib\ext;C:\WINDOWS\Sun\Java\lib\ext"/>
    <property name="sun.io.unicode.encoding" value="UnicodeLittle"/>
    <property name="java.class.version" value="52.0"/>
  </properties>
  <testcase name="runTestWithClassPath[1][1]" classname="getFeature.TestGetRunner" time="3.945"/>
  <testcase name="runTestWithClassPath[1][2]" classname="getFeature.TestGetRunner" time="0.13"/>
  <testcase name="runTestWithClassPath[1][3]" classname="getFeature.TestGetRunner" time="1.689">
    <failure message="match failed: EQUALS&#10;  $ | data types don&apos;t match (LIST:MAP)&#10;  [{&quot;BrandName&quot;:&quot;Apple&quot;,&quot;Features&quot;:{&quot;Feature&quot;:[&quot;8GB RAM&quot;,&quot;1TB Hard Drive&quot;,&quot;250 GB of 550&quot;,&quot;15.5 inc Display&quot;,&quot;USB 3.0&quot;]},&quot;Id&quot;:127,&quot;LaptopName&quot;:&quot;Mac Book Pro&quot;}]&#10;  {&quot;BrandName&quot;:&quot;Apple&quot;,&quot;Features&quot;:{&quot;Feature&quot;:[&quot;8GB RAM&quot;,&quot;1TB Hard Drive&quot;,&quot;250 GB of 550&quot;,&quot;15.5 inc Display&quot;,&quot;USB 3.0&quot;]},&quot;Id&quot;:127,&quot;LaptopName&quot;:&quot;Mac Book Pro&quot;}&#10;&#10;classpath:getFeature/getRequest.feature:28" type="org.opentest4j.AssertionFailedError">org.opentest4j.AssertionFailedError: 
match failed: EQUALS
  $ | data types don't match (LIST:MAP)
  [{"BrandName":"Apple","Features":{"Feature":["8GB RAM","1TB Hard Drive","250 GB of 550","15.5 inc Display","USB 3.0"]},"Id":127,"LaptopName":"Mac Book Pro"}]
  {"BrandName":"Apple","Features":{"Feature":["8GB RAM","1TB Hard Drive","250 GB of 550","15.5 inc Display","USB 3.0"]},"Id":127,"LaptopName":"Mac Book Pro"}

classpath:getFeature/getRequest.feature:28
</failure>
    <system-out><![CDATA[12:21:31.158 [main] INFO  com.intuit.karate - karate.env system property was: null 
12:21:31.162 [main] INFO  com.intuit.karate - [print] ====================This is the background========================== 
12:21:31.171 [main] DEBUG com.intuit.karate - request:
1 > GET http://localhost:8080/laptop-bag/webapi/api/all
1 > Accept: application/json
1 > Host: localhost:8080
1 > Connection: Keep-Alive
1 > User-Agent: Apache-HttpClient/4.5.13 (Java/1.8.0_171)
1 > Accept-Encoding: gzip,deflate


12:21:31.201 [main] DEBUG com.intuit.karate - response time in milliseconds: 29
1 < 200
1 < Server: Apache-Coyote/1.1
1 < Content-Type: application/json
1 < Content-Length: 157
1 < Date: Sun, 30 May 2021 16:21:30 GMT
[{"BrandName":"Apple","Features":{"Feature":["8GB RAM","1TB Hard Drive","250 GB of 550","15.5 inc Display","USB 3.0"]},"Id":127,"LaptopName":"Mac Book Pro"}]
12:21:31.204 [main] INFO  com.intuit.karate - [print] [
  {
    "BrandName": "Apple",
    "Features": {
      "Feature": [
        "8GB RAM",
        "1TB Hard Drive",
        "250 GB of 550",
        "15.5 inc Display",
        "USB 3.0"
      ]
    },
    "Id": 127,
    "LaptopName": "Mac Book Pro"
  }
]
 
12:21:31.337 [main] ERROR com.intuit.karate - classpath:getFeature/getRequest.feature:28
And match response ==
"""
{
   "BrandName": "Apple",
   "Features": {
     "Feature": [
       "8GB RAM",
       "1TB Hard Drive",
       "250 GB of 550",
       "15.5 inc Display",
       "USB 3.0"
     ]
   },
   "Id": 127,
   "LaptopName": "Mac Book Pro"
 }
"""
match failed: EQUALS
  $ | data types don't match (LIST:MAP)
  [{"BrandName":"Apple","Features":{"Feature":["8GB RAM","1TB Hard Drive","250 GB of 550","15.5 inc Display","USB 3.0"]},"Id":127,"LaptopName":"Mac Book Pro"}]
  {"BrandName":"Apple","Features":{"Feature":["8GB RAM","1TB Hard Drive","250 GB of 550","15.5 inc Display","USB 3.0"]},"Id":127,"LaptopName":"Mac Book Pro"}

classpath:getFeature/getRequest.feature:28
---------------------------------------------------------
feature: classpath:getFeature/getRequest.feature
scenarios:  3 | passed:  2 | failed:  1 | time: 2.2958
---------------------------------------------------------

Karate version: 1.0.1
======================================================
elapsed:   6.29 | threads:    1 | thread time: 2.30 
features:     1 | skipped:    0 | efficiency: 0.36
scenarios:    3 | passed:     2 | failed: 1
======================================================
>>> failed features:
match failed: EQUALS
  $ | data types don't match (LIST:MAP)
  [{"BrandName":"Apple","Features":{"Feature":["8GB RAM","1TB Hard Drive","250 GB of 550","15.5 inc Display","USB 3.0"]},"Id":127,"LaptopName":"Mac Book Pro"}]
  {"BrandName":"Apple","Features":{"Feature":["8GB RAM","1TB Hard Drive","250 GB of 550","15.5 inc Display","USB 3.0"]},"Id":127,"LaptopName":"Mac Book Pro"}

classpath:getFeature/getRequest.feature:28
<<<

HTML report: (paste into browser to view) | Karate version: 1.0.1
file:///C:/Users/user/eclipse-workspace/karateframework/target/karate-reports/karate-summary.html
===================================================================

]]></system-out>
  </testcase>
  <testcase name="runTest[1][1]" classname="getFeature.TestGetRunner" time="0.071"/>
  <testcase name="runTest[1][2]" classname="getFeature.TestGetRunner" time="0.012"/>
  <testcase name="runTest[1][3]" classname="getFeature.TestGetRunner" time="0.285">
    <failure message="match failed: EQUALS&#10;  $ | data types don&apos;t match (LIST:MAP)&#10;  [{&quot;BrandName&quot;:&quot;Apple&quot;,&quot;Features&quot;:{&quot;Feature&quot;:[&quot;8GB RAM&quot;,&quot;1TB Hard Drive&quot;,&quot;250 GB of 550&quot;,&quot;15.5 inc Display&quot;,&quot;USB 3.0&quot;]},&quot;Id&quot;:127,&quot;LaptopName&quot;:&quot;Mac Book Pro&quot;}]&#10;  {&quot;BrandName&quot;:&quot;Apple&quot;,&quot;Features&quot;:{&quot;Feature&quot;:[&quot;8GB RAM&quot;,&quot;1TB Hard Drive&quot;,&quot;250 GB of 550&quot;,&quot;15.5 inc Display&quot;,&quot;USB 3.0&quot;]},&quot;Id&quot;:127,&quot;LaptopName&quot;:&quot;Mac Book Pro&quot;}&#10;&#10;classpath:getFeature/getRequest.feature:28" type="org.opentest4j.AssertionFailedError">org.opentest4j.AssertionFailedError: 
match failed: EQUALS
  $ | data types don't match (LIST:MAP)
  [{"BrandName":"Apple","Features":{"Feature":["8GB RAM","1TB Hard Drive","250 GB of 550","15.5 inc Display","USB 3.0"]},"Id":127,"LaptopName":"Mac Book Pro"}]
  {"BrandName":"Apple","Features":{"Feature":["8GB RAM","1TB Hard Drive","250 GB of 550","15.5 inc Display","USB 3.0"]},"Id":127,"LaptopName":"Mac Book Pro"}

classpath:getFeature/getRequest.feature:28
</failure>
    <system-out><![CDATA[12:21:32.980 [main] INFO  com.intuit.karate - karate.env system property was: null 
12:21:32.983 [main] INFO  com.intuit.karate - [print] ====================This is the background========================== 
12:21:32.987 [main] DEBUG com.intuit.karate - request:
1 > GET http://localhost:8080/laptop-bag/webapi/api/all
1 > Accept: application/json
1 > Host: localhost:8080
1 > Connection: Keep-Alive
1 > User-Agent: Apache-HttpClient/4.5.13 (Java/1.8.0_171)
1 > Accept-Encoding: gzip,deflate


12:21:32.994 [main] DEBUG com.intuit.karate - response time in milliseconds: 6
1 < 200
1 < Server: Apache-Coyote/1.1
1 < Content-Type: application/json
1 < Content-Length: 157
1 < Date: Sun, 30 May 2021 16:21:32 GMT
[{"BrandName":"Apple","Features":{"Feature":["8GB RAM","1TB Hard Drive","250 GB of 550","15.5 inc Display","USB 3.0"]},"Id":127,"LaptopName":"Mac Book Pro"}]
12:21:32.997 [main] INFO  com.intuit.karate - [print] [
  {
    "BrandName": "Apple",
    "Features": {
      "Feature": [
        "8GB RAM",
        "1TB Hard Drive",
        "250 GB of 550",
        "15.5 inc Display",
        "USB 3.0"
      ]
    },
    "Id": 127,
    "LaptopName": "Mac Book Pro"
  }
]
 
12:21:32.998 [main] ERROR com.intuit.karate - classpath:getFeature/getRequest.feature:28
And match response ==
"""
{
   "BrandName": "Apple",
   "Features": {
     "Feature": [
       "8GB RAM",
       "1TB Hard Drive",
       "250 GB of 550",
       "15.5 inc Display",
       "USB 3.0"
     ]
   },
   "Id": 127,
   "LaptopName": "Mac Book Pro"
 }
"""
match failed: EQUALS
  $ | data types don't match (LIST:MAP)
  [{"BrandName":"Apple","Features":{"Feature":["8GB RAM","1TB Hard Drive","250 GB of 550","15.5 inc Display","USB 3.0"]},"Id":127,"LaptopName":"Mac Book Pro"}]
  {"BrandName":"Apple","Features":{"Feature":["8GB RAM","1TB Hard Drive","250 GB of 550","15.5 inc Display","USB 3.0"]},"Id":127,"LaptopName":"Mac Book Pro"}

classpath:getFeature/getRequest.feature:28
---------------------------------------------------------
feature: classpath:getFeature/getRequest.feature
scenarios:  3 | passed:  2 | failed:  1 | time: 0.0598
---------------------------------------------------------

Karate version: 1.0.1
======================================================
elapsed:   0.33 | threads:    1 | thread time: 0.06 
features:     1 | skipped:    0 | efficiency: 0.18
scenarios:    3 | passed:     2 | failed: 1
======================================================
>>> failed features:
match failed: EQUALS
  $ | data types don't match (LIST:MAP)
  [{"BrandName":"Apple","Features":{"Feature":["8GB RAM","1TB Hard Drive","250 GB of 550","15.5 inc Display","USB 3.0"]},"Id":127,"LaptopName":"Mac Book Pro"}]
  {"BrandName":"Apple","Features":{"Feature":["8GB RAM","1TB Hard Drive","250 GB of 550","15.5 inc Display","USB 3.0"]},"Id":127,"LaptopName":"Mac Book Pro"}

classpath:getFeature/getRequest.feature:28
<<<

HTML report: (paste into browser to view) | Karate version: 1.0.1
file:///C:/Users/user/eclipse-workspace/karateframework/target/karate-reports/karate-summary.html
===================================================================

]]></system-out>
  </testcase>
</testsuite>